98.01.26 10:30 B D:\fred\page a xavier\serveur\spells\image\apocolypse.gif --> ftp.mygale.org /spells/image apocolypse.gif
98.01.26 10:30 B D:\fred\page a xavier\serveur\spells\image\bloodstar.gif --> ftp.mygale.org /spells/image bloodstar.gif
98.01.27 11:56 B D:\fred\page a xavier\serveur\spells\image\apocolypse.gif --> ftp.mygale.org /spells/image apocolypse.gif
98.01.27 11:56 B D:\fred\page a xavier\serveur\spells\image\bloodstar.gif --> ftp.mygale.org /spells/image bloodstar.gif
98.01.27 11:56 B D:\fred\page a xavier\serveur\spells\image\bonespirit.gif --> ftp.mygale.org /spells/image bonespirit.gif
98.01.27 11:56 B D:\fred\page a xavier\serveur\spells\image\chain.gif --> ftp.mygale.org /spells/image chain.gif
98.01.27 11:56 B D:\fred\page a xavier\serveur\spells\image\chargedbolt.gif --> ftp.mygale.org /spells/image chargedbolt.gif
98.01.27 11:57 B D:\fred\page a xavier\serveur\spells\image\elemental.gif --> ftp.mygale.org /spells/image elemental.gif
98.01.27 11:57 B D:\fred\page a xavier\serveur\spells\image\fireball.gif --> ftp.mygale.org /spells/image fireball.gif
98.01.27 11:57 B D:\fred\page a xavier\serveur\spells\image\firebolt.gif --> ftp.mygale.org /spells/image firebolt.gif
98.01.27 11:57 B D:\fred\page a xavier\serveur\spells\image\firewall.gif --> ftp.mygale.org /spells/image firewall.gif
98.01.27 11:58 B D:\fred\page a xavier\serveur\spells\image\flamewave.gif --> ftp.mygale.org /spells/image flamewave.gif
98.01.27 11:58 B D:\fred\page a xavier\serveur\spells\image\flash.gif --> ftp.mygale.org /spells/image flash.gif
98.01.27 11:58 B D:\fred\page a xavier\serveur\spells\image\gaurdian.gif --> ftp.mygale.org /spells/image gaurdian.gif
98.01.27 11:58 B D:\fred\page a xavier\serveur\spells\image\golem.gif --> ftp.mygale.org /spells/image golem.gif
98.01.27 11:58 B D:\fred\page a xavier\serveur\spells\image\holybolt.gif --> ftp.mygale.org /spells/image holybolt.gif
98.01.27 11:58 B D:\fred\page a xavier\serveur\spells\image\inferno-spell.gif --> ftp.mygale.org /spells/image inferno-spell.gif
98.01.27 11:58 B D:\fred\page a xavier\serveur\spells\image\infravision.gif --> ftp.mygale.org /spells/image infravision.gif
98.01.27 11:58 B D:\fred\page a xavier\serveur\spells\image\lightning.gif --> ftp.mygale.org /spells/image lightning.gif
98.01.27 11:59 B D:\fred\page a xavier\serveur\spells\image\manashield.gif --> ftp.mygale.org /spells/image manashield.gif
98.01.27 11:59 B D:\fred\page a xavier\serveur\spells\image\nova.gif --> ftp.mygale.org /spells/image nova.gif
98.01.27 11:59 B D:\fred\page a xavier\serveur\spells\image\portal.gif --> ftp.mygale.org /spells/image portal.gif
98.01.27 11:59 B D:\fred\page a xavier\serveur\spells\image\stonecurse.gif --> ftp.mygale.org /spells/image stonecurse.gif
