98.01.27 11:46 B D:\fred\page a xavier\serveur\spells\spell.html --> ftp.mygale.org /spells spell.html
98.01.27 11:46 B D:\fred\page a xavier\serveur\spells\spells.htm --> ftp.mygale.org /spells spells.htm
98.01.27 11:47 B D:\fred\page a xavier\serveur\spells\spells1.htm --> ftp.mygale.org /spells spells1.htm
98.01.27 11:59 B D:\fred\page a xavier\serveur\spells\apokalipse000.gif --> ftp.mygale.org /spells apokalipse000.gif
98.01.27 12:00 B D:\fred\page a xavier\serveur\spells\bloostar000.gif --> ftp.mygale.org /spells bloostar000.gif
98.01.27 12:00 B D:\fred\page a xavier\serveur\spells\icon000.gif --> ftp.mygale.org /spells icon000.gif
98.01.27 12:00 B D:\fred\page a xavier\serveur\spells\icon001.gif --> ftp.mygale.org /spells icon001.gif
98.01.27 12:00 B D:\fred\page a xavier\serveur\spells\icon002.gif --> ftp.mygale.org /spells icon002.gif
98.01.27 12:00 B D:\fred\page a xavier\serveur\spells\icon003.gif --> ftp.mygale.org /spells icon003.gif
98.01.27 12:00 B D:\fred\page a xavier\serveur\spells\icon004.gif --> ftp.mygale.org /spells icon004.gif
98.01.27 12:00 B D:\fred\page a xavier\serveur\spells\icon005.gif --> ftp.mygale.org /spells icon005.gif
98.01.27 12:00 B D:\fred\page a xavier\serveur\spells\icon006.gif --> ftp.mygale.org /spells icon006.gif
98.01.27 12:00 B D:\fred\page a xavier\serveur\spells\icon007.gif --> ftp.mygale.org /spells icon007.gif
98.01.27 12:01 B D:\fred\page a xavier\serveur\spells\icon008.gif --> ftp.mygale.org /spells icon008.gif
98.01.27 12:01 B D:\fred\page a xavier\serveur\spells\icon009.gif --> ftp.mygale.org /spells icon009.gif
98.01.27 12:01 B D:\fred\page a xavier\serveur\spells\icon010.gif --> ftp.mygale.org /spells icon010.gif
98.01.27 12:01 B D:\fred\page a xavier\serveur\spells\icon011.gif --> ftp.mygale.org /spells icon011.gif
98.01.27 12:01 B D:\fred\page a xavier\serveur\spells\icon012.gif --> ftp.mygale.org /spells icon012.gif
98.01.27 12:01 B D:\fred\page a xavier\serveur\spells\icon013.gif --> ftp.mygale.org /spells icon013.gif
98.01.27 12:01 B D:\fred\page a xavier\serveur\spells\icon014.gif --> ftp.mygale.org /spells icon014.gif
98.01.27 12:01 B D:\fred\page a xavier\serveur\spells\icon015.gif --> ftp.mygale.org /spells icon015.gif
98.01.27 12:01 B D:\fred\page a xavier\serveur\spells\icon016.gif --> ftp.mygale.org /spells icon016.gif
98.01.27 12:01 B D:\fred\page a xavier\serveur\spells\icon017.gif --> ftp.mygale.org /spells icon017.gif
98.01.27 12:01 B D:\fred\page a xavier\serveur\spells\icon018.gif --> ftp.mygale.org /spells icon018.gif
98.01.27 12:02 B D:\fred\page a xavier\serveur\spells\icon019.gif --> ftp.mygale.org /spells icon019.gif
98.01.27 12:02 B D:\fred\page a xavier\serveur\spells\icon020.gif --> ftp.mygale.org /spells icon020.gif
98.01.27 12:02 B D:\fred\page a xavier\serveur\spells\icon021.gif --> ftp.mygale.org /spells icon021.gif
98.01.27 12:02 B D:\fred\page a xavier\serveur\spells\icon022.gif --> ftp.mygale.org /spells icon022.gif
98.01.27 12:02 B D:\fred\page a xavier\serveur\spells\icon023.gif --> ftp.mygale.org /spells icon023.gif
98.01.27 12:02 B D:\fred\page a xavier\serveur\spells\icon024.gif --> ftp.mygale.org /spells icon024.gif
98.01.27 12:02 B D:\fred\page a xavier\serveur\spells\icon025.gif --> ftp.mygale.org /spells icon025.gif
98.01.27 12:02 B D:\fred\page a xavier\serveur\spells\icon026.gif --> ftp.mygale.org /spells icon026.gif
98.01.27 12:02 B D:\fred\page a xavier\serveur\spells\icon027.gif --> ftp.mygale.org /spells icon027.gif
98.01.27 12:02 B D:\fred\page a xavier\serveur\spells\icon028.gif --> ftp.mygale.org /spells icon028.gif
98.01.27 12:02 B D:\fred\page a xavier\serveur\spells\icon029.gif --> ftp.mygale.org /spells icon029.gif
98.01.27 12:02 B D:\fred\page a xavier\serveur\spells\icon030.gif --> ftp.mygale.org /spells icon030.gif
98.01.27 12:02 B D:\fred\page a xavier\serveur\spells\icon031.gif --> ftp.mygale.org /spells icon031.gif
98.01.27 12:02 B D:\fred\page a xavier\serveur\spells\icon032.gif --> ftp.mygale.org /spells icon032.gif
98.01.27 12:03 B D:\fred\page a xavier\serveur\spells\icon033.gif --> ftp.mygale.org /spells icon033.gif
98.01.27 12:03 B D:\fred\page a xavier\serveur\spells\icon034.gif --> ftp.mygale.org /spells icon034.gif
98.01.27 12:03 B D:\fred\page a xavier\serveur\spells\icon035.gif --> ftp.mygale.org /spells icon035.gif
98.01.27 12:03 B D:\fred\page a xavier\serveur\spells\icon036.gif --> ftp.mygale.org /spells icon036.gif
98.01.27 12:03 B D:\fred\page a xavier\serveur\spells\icon037.gif --> ftp.mygale.org /spells icon037.gif
98.01.27 12:03 B D:\fred\page a xavier\serveur\spells\icon038.gif --> ftp.mygale.org /spells icon038.gif
98.01.27 12:03 B D:\fred\page a xavier\serveur\spells\icon039.gif --> ftp.mygale.org /spells icon039.gif
98.01.27 12:03 B D:\fred\page a xavier\serveur\spells\icon040.gif --> ftp.mygale.org /spells icon040.gif
98.01.27 12:03 B D:\fred\page a xavier\serveur\spells\icon041.gif --> ftp.mygale.org /spells icon041.gif
98.01.27 12:03 B D:\fred\page a xavier\serveur\spells\spell.html --> ftp.mygale.org /spells spell.html
98.01.27 12:04 B D:\fred\page a xavier\serveur\spells\spells.htm --> ftp.mygale.org /spells spells.htm
98.01.27 12:04 B D:\fred\page a xavier\serveur\spells\spells1.htm --> ftp.mygale.org /spells spells1.htm
